<?xml version="1.0" encoding="UTF-8"?>
<!-- Generated by org.testng.reporters.JUnitReportReporter -->
<testsuite skipped="0" hostname="WKWIN1334062" name="cucumberOptions.TestRunner" tests="1" failures="0" timestamp="07 Mar 2019 14:59:33 GMT" time="21.450" errors="0">
  <testcase name="feature" time="21.450" classname="cucumberOptions.TestRunner"/>
</testsuite> <!-- cucumberOptions.TestRunner -->
